<?xml version="1.0" encoding="UTF-8"?>
<!-- Generated by org.testng.reporters.JUnitReportReporter -->
<testsuite hostname="LN0C5772E6454B" name="downloadBrowserDriver.ChromeTest" tests="1" failures="0" timestamp="3 Jul 2018 07:17:59 GMT" time="6.357" errors="0">
  <testcase name="test" time="6.357" classname="downloadBrowserDriver.ChromeTest"/>
</testsuite> <!-- downloadBrowserDriver.ChromeTest -->
